-------------------------------------------------------------------------------
Test set: com.skanda.travels.ApiIntegrationTest
-------------------------------------------------------------------------------
Tests run: 2, Failures: 1, Errors: 0, Skipped: 0, Time elapsed: 10.10 s <<< FAILURE! -- in com.skanda.travels.ApiIntegrationTest
com.skanda.travels.ApiIntegrationTest.happyPath_registerLoginSearchAndBookTrip -- Time elapsed: 1.568 s <<< FAILURE!
org.opentest4j.AssertionFailedError: 

expected: 200 OK
 but was: 500 INTERNAL_SERVER_ERROR
	at java.base/jdk.internal.reflect.DirectConstructorHandleAccessor.newInstance(DirectConstructorHandleAccessor.java:62)
	at java.base/java.lang.reflect.Constructor.newInstanceWithCaller(Constructor.java:502)
	at com.skanda.travels.ApiIntegrationTest.happyPath_registerLoginSearchAndBookTrip(ApiIntegrationTest.java:104)
	at java.base/java.lang.reflect.Method.invoke(Method.java:580)
	at java.base/java.util.ArrayList.forEach(ArrayList.java:1596)
	at java.base/java.util.ArrayList.forEach(ArrayList.java:1596)

